<?xml version="1.0" encoding="UTF-8"?>
<!-- Generated by org.testng.reporters.JUnitXMLReporter -->
<testsuite hostname="LAPTOP-RRMTBEBK" ignored="2" tests="0" failures="0" timestamp="02 may 2023 08:29:26 GMT" time="0.001" errors="0">
  <testcase name="Fillform" time="0.0" classname="endtoEndMobile.EcommerceTestCase1">
    <ignored/>
  </testcase> <!-- Fillform -->
  <testcase name="ErrorMessage" time="0.0" classname="endtoEndMobile.EcommerceTestCase1">
    <ignored/>
  </testcase> <!-- ErrorMessage -->
</testsuite>
